[2.669s] DEBUG:colcon:Command line arguments: ['/usr/bin/colcon', 'build', '--packages-select', 'speed_control_loop']
[2.670s] DEBUG:colcon:Parsed command line arguments: Namespace(log_base=None, log_level=None, verb_name='build', build_base='build', install_base='install', merge_install=False, symlink_install=False, test_result_base=None, continue_on_error=False, executor='parallel', parallel_workers=8, event_handlers=None, ignore_user_meta=False, metas=['./colcon.meta'], base_paths=['.'], packages_ignore=None, packages_ignore_regex=None, paths=None, packages_up_to=None, packages_up_to_regex=None, packages_above=None, packages_above_and_dependencies=None, packages_above_depth=None, packages_select_by_dep=None, packages_skip_by_dep=None, packages_skip_up_to=None, packages_select_build_failed=False, packages_skip_build_finished=False, packages_select_test_failures=False, packages_skip_test_passed=False, packages_select=['speed_control_loop'], packages_skip=None, packages_select_regex=None, packages_skip_regex=None, packages_start=None, packages_end=None, allow_overriding=[], cmake_args=None, cmake_target=None, cmake_target_skip_unavailable=False, cmake_clean_cache=False, cmake_clean_first=False, cmake_force_configure=False, ament_cmake_args=None, catkin_cmake_args=None, catkin_skip_building_tests=False, verb_parser=<colcon_defaults.argument_parser.defaults.DefaultArgumentsDecorator object at 0x7eff3dd955d0>, verb_extension=<colcon_core.verb.build.BuildVerb object at 0x7eff3dd95e40>, main=<bound method BuildVerb.main of <colcon_core.verb.build.BuildVerb object at 0x7eff3dd95e40>>)
[2.798s] Level 1:colcon.colcon_core.package_discovery:discover_packages(colcon_meta) check parameters
[2.798s] Level 1:colcon.colcon_core.package_discovery:discover_packages(recursive) check parameters
[2.799s] Level 1:colcon.colcon_core.package_discovery:discover_packages(ignore) check parameters
[2.799s] Level 1:colcon.colcon_core.package_discovery:discover_packages(path) check parameters
[2.799s] Level 1:colcon.colcon_core.package_discovery:discover_packages(colcon_meta) discover
[2.799s] Level 1:colcon.colcon_core.package_discovery:discover_packages(recursive) discover
[2.799s] INFO:colcon.colcon_core.package_discovery:Crawling recursively for packages in '/home/gfigneczi1/ros2_ws/src/arj_packages/arj_custom'
[2.799s] Level 1:colcon.colcon_core.package_identification:_identify(.) by extensions ['ignore', 'ignore_ament_install']
[2.799s] Level 1:colcon.colcon_core.package_identification:_identify(.) by extension 'ignore'
[2.800s] Level 1:colcon.colcon_core.package_identification:_identify(.) by extension 'ignore_ament_install'
[2.800s] Level 1:colcon.colcon_core.package_identification:_identify(.) by extensions ['colcon_pkg']
[2.800s] Level 1:colcon.colcon_core.package_identification:_identify(.) by extension 'colcon_pkg'
[2.800s] Level 1:colcon.colcon_core.package_identification:_identify(.) by extensions ['colcon_meta']
[2.800s] Level 1:colcon.colcon_core.package_identification:_identify(.) by extension 'colcon_meta'
[2.800s] Level 1:colcon.colcon_core.package_identification:_identify(.) by extensions ['ros']
[2.800s] Level 1:colcon.colcon_core.package_identification:_identify(.) by extension 'ros'
[2.833s] DEBUG:colcon.colcon_core.package_identification:Package '.' with type 'ros.ament_cmake' and name 'speed_control_loop'
[2.833s] Level 1:colcon.colcon_core.package_discovery:discover_packages(recursive) using defaults
[2.833s] Level 1:colcon.colcon_core.package_discovery:discover_packages(ignore) discover
[2.833s] Level 1:colcon.colcon_core.package_discovery:discover_packages(ignore) using defaults
[2.834s] Level 1:colcon.colcon_core.package_discovery:discover_packages(path) discover
[2.834s] Level 1:colcon.colcon_core.package_discovery:discover_packages(path) using defaults
[3.058s] Level 1:colcon.colcon_core.package_discovery:discover_packages(prefix_path) check parameters
[3.058s] Level 1:colcon.colcon_core.package_discovery:discover_packages(prefix_path) discover
[3.123s] DEBUG:colcon.colcon_installed_package_information.package_discovery:Found 271 installed packages in /opt/ros/humble
[3.128s] Level 1:colcon.colcon_core.package_discovery:discover_packages(prefix_path) using defaults
[3.346s] Level 5:colcon.colcon_core.verb:set package 'speed_control_loop' build argument 'cmake_args' from command line to 'None'
[3.347s] Level 5:colcon.colcon_core.verb:set package 'speed_control_loop' build argument 'cmake_target' from command line to 'None'
[3.347s] Level 5:colcon.colcon_core.verb:set package 'speed_control_loop' build argument 'cmake_target_skip_unavailable' from command line to 'False'
[3.347s] Level 5:colcon.colcon_core.verb:set package 'speed_control_loop' build argument 'cmake_clean_cache' from command line to 'False'
[3.347s] Level 5:colcon.colcon_core.verb:set package 'speed_control_loop' build argument 'cmake_clean_first' from command line to 'False'
[3.347s] Level 5:colcon.colcon_core.verb:set package 'speed_control_loop' build argument 'cmake_force_configure' from command line to 'False'
[3.347s] Level 5:colcon.colcon_core.verb:set package 'speed_control_loop' build argument 'ament_cmake_args' from command line to 'None'
[3.347s] Level 5:colcon.colcon_core.verb:set package 'speed_control_loop' build argument 'catkin_cmake_args' from command line to 'None'
[3.347s] Level 5:colcon.colcon_core.verb:set package 'speed_control_loop' build argument 'catkin_skip_building_tests' from command line to 'False'
[3.348s] DEBUG:colcon.colcon_core.verb:Building package 'speed_control_loop' with the following arguments: {'ament_cmake_args': None, 'build_base': '/home/gfigneczi1/ros2_ws/src/arj_packages/arj_custom/build/speed_control_loop', 'catkin_cmake_args': None, 'catkin_skip_building_tests': False, 'cmake_args': None, 'cmake_clean_cache': False, 'cmake_clean_first': False, 'cmake_force_configure': False, 'cmake_target': None, 'cmake_target_skip_unavailable': False, 'install_base': '/home/gfigneczi1/ros2_ws/src/arj_packages/arj_custom/install/speed_control_loop', 'merge_install': False, 'path': '/home/gfigneczi1/ros2_ws/src/arj_packages/arj_custom', 'symlink_install': False, 'test_result_base': None}
[3.382s] INFO:colcon.colcon_core.executor:Executing jobs using 'parallel' executor
[3.414s] DEBUG:colcon.colcon_parallel_executor.executor.parallel:run_until_complete
[3.415s] INFO:colcon.colcon_ros.task.ament_cmake.build:Building ROS package in '/home/gfigneczi1/ros2_ws/src/arj_packages/arj_custom' with build type 'ament_cmake'
[3.416s] INFO:colcon.colcon_cmake.task.cmake.build:Building CMake package in '/home/gfigneczi1/ros2_ws/src/arj_packages/arj_custom'
[3.455s] INFO:colcon.colcon_core.plugin_system:Skipping extension 'colcon_core.shell.bat': Not used on non-Windows systems
[3.456s] INFO:colcon.colcon_core.shell:Skip shell extension 'powershell' for command environment: Not usable outside of PowerShell
[3.456s] DEBUG:colcon.colcon_core.shell:Skip shell extension 'dsv' for command environment
[3.537s] DEBUG:colcon.colcon_core.event_handler.log_command:Invoking command in '/home/gfigneczi1/ros2_ws/src/arj_packages/arj_custom/build/speed_control_loop': CMAKE_PREFIX_PATH=/opt/ros/humble /usr/bin/cmake /home/gfigneczi1/ros2_ws/src/arj_packages/arj_custom -DCMAKE_INSTALL_PREFIX=/home/gfigneczi1/ros2_ws/src/arj_packages/arj_custom/install/speed_control_loop
[37.738s] DEBUG:colcon.colcon_core.event_handler.log_command:Invoked command in '/home/gfigneczi1/ros2_ws/src/arj_packages/arj_custom/build/speed_control_loop' returned '0': CMAKE_PREFIX_PATH=/opt/ros/humble /usr/bin/cmake /home/gfigneczi1/ros2_ws/src/arj_packages/arj_custom -DCMAKE_INSTALL_PREFIX=/home/gfigneczi1/ros2_ws/src/arj_packages/arj_custom/install/speed_control_loop
[37.743s] DEBUG:colcon.colcon_core.event_handler.log_command:Invoking command in '/home/gfigneczi1/ros2_ws/src/arj_packages/arj_custom/build/speed_control_loop': CMAKE_PREFIX_PATH=/opt/ros/humble /usr/bin/cmake --build /home/gfigneczi1/ros2_ws/src/arj_packages/arj_custom/build/speed_control_loop -- -j8 -l8
[69.516s] DEBUG:colcon.colcon_core.event_handler.log_command:Invoked command in '/home/gfigneczi1/ros2_ws/src/arj_packages/arj_custom/build/speed_control_loop' returned '0': CMAKE_PREFIX_PATH=/opt/ros/humble /usr/bin/cmake --build /home/gfigneczi1/ros2_ws/src/arj_packages/arj_custom/build/speed_control_loop -- -j8 -l8
[69.570s] DEBUG:colcon.colcon_core.event_handler.log_command:Invoking command in '/home/gfigneczi1/ros2_ws/src/arj_packages/arj_custom/build/speed_control_loop': CMAKE_PREFIX_PATH=/opt/ros/humble /usr/bin/cmake --install /home/gfigneczi1/ros2_ws/src/arj_packages/arj_custom/build/speed_control_loop
[69.599s] Level 1:colcon.colcon_core.environment:create_environment_scripts_only(speed_control_loop)
[69.601s] DEBUG:colcon.colcon_core.event_handler.log_command:Invoked command in '/home/gfigneczi1/ros2_ws/src/arj_packages/arj_custom/build/speed_control_loop' returned '0': CMAKE_PREFIX_PATH=/opt/ros/humble /usr/bin/cmake --install /home/gfigneczi1/ros2_ws/src/arj_packages/arj_custom/build/speed_control_loop
[69.643s] Level 1:colcon.colcon_core.environment:checking '/home/gfigneczi1/ros2_ws/src/arj_packages/arj_custom/install/speed_control_loop' for CMake module files
[69.644s] Level 1:colcon.colcon_core.environment:checking '/home/gfigneczi1/ros2_ws/src/arj_packages/arj_custom/install/speed_control_loop' for CMake config files
[69.645s] Level 1:colcon.colcon_core.shell:create_environment_hook('speed_control_loop', 'cmake_prefix_path')
[69.680s] INFO:colcon.colcon_core.shell:Creating environment hook '/home/gfigneczi1/ros2_ws/src/arj_packages/arj_custom/install/speed_control_loop/share/speed_control_loop/hook/cmake_prefix_path.ps1'
[69.681s] INFO:colcon.colcon_core.shell:Creating environment descriptor '/home/gfigneczi1/ros2_ws/src/arj_packages/arj_custom/install/speed_control_loop/share/speed_control_loop/hook/cmake_prefix_path.dsv'
[69.681s] INFO:colcon.colcon_core.shell:Creating environment hook '/home/gfigneczi1/ros2_ws/src/arj_packages/arj_custom/install/speed_control_loop/share/speed_control_loop/hook/cmake_prefix_path.sh'
[69.683s] Level 1:colcon.colcon_core.environment:checking '/home/gfigneczi1/ros2_ws/src/arj_packages/arj_custom/install/speed_control_loop/lib'
[69.683s] Level 1:colcon.colcon_core.environment:checking '/home/gfigneczi1/ros2_ws/src/arj_packages/arj_custom/install/speed_control_loop/bin'
[69.683s] Level 1:colcon.colcon_core.environment:checking '/home/gfigneczi1/ros2_ws/src/arj_packages/arj_custom/install/speed_control_loop/lib/pkgconfig/speed_control_loop.pc'
[69.684s] Level 1:colcon.colcon_core.environment:checking '/home/gfigneczi1/ros2_ws/src/arj_packages/arj_custom/install/speed_control_loop/lib/python3.10/site-packages'
[69.684s] Level 1:colcon.colcon_core.environment:checking '/home/gfigneczi1/ros2_ws/src/arj_packages/arj_custom/install/speed_control_loop/bin'
[69.714s] INFO:colcon.colcon_core.shell:Creating package script '/home/gfigneczi1/ros2_ws/src/arj_packages/arj_custom/install/speed_control_loop/share/speed_control_loop/package.ps1'
[69.717s] INFO:colcon.colcon_core.shell:Creating package descriptor '/home/gfigneczi1/ros2_ws/src/arj_packages/arj_custom/install/speed_control_loop/share/speed_control_loop/package.dsv'
[69.718s] INFO:colcon.colcon_core.shell:Creating package script '/home/gfigneczi1/ros2_ws/src/arj_packages/arj_custom/install/speed_control_loop/share/speed_control_loop/package.sh'
[69.719s] INFO:colcon.colcon_core.shell:Creating package script '/home/gfigneczi1/ros2_ws/src/arj_packages/arj_custom/install/speed_control_loop/share/speed_control_loop/package.bash'
[69.720s] INFO:colcon.colcon_core.shell:Creating package script '/home/gfigneczi1/ros2_ws/src/arj_packages/arj_custom/install/speed_control_loop/share/speed_control_loop/package.zsh'
[69.721s] Level 1:colcon.colcon_core.environment:create_file_with_runtime_dependencies(/home/gfigneczi1/ros2_ws/src/arj_packages/arj_custom/install/speed_control_loop/share/colcon-core/packages/speed_control_loop)
[69.804s] Level 1:colcon.colcon_core.environment:create_environment_scripts_only(speed_control_loop)
[69.844s] Level 1:colcon.colcon_core.environment:checking '/home/gfigneczi1/ros2_ws/src/arj_packages/arj_custom/install/speed_control_loop' for CMake module files
[69.845s] Level 1:colcon.colcon_core.environment:checking '/home/gfigneczi1/ros2_ws/src/arj_packages/arj_custom/install/speed_control_loop' for CMake config files
[69.846s] Level 1:colcon.colcon_core.shell:create_environment_hook('speed_control_loop', 'cmake_prefix_path')
[69.884s] INFO:colcon.colcon_core.shell:Creating environment hook '/home/gfigneczi1/ros2_ws/src/arj_packages/arj_custom/install/speed_control_loop/share/speed_control_loop/hook/cmake_prefix_path.ps1'
[69.885s] INFO:colcon.colcon_core.shell:Creating environment descriptor '/home/gfigneczi1/ros2_ws/src/arj_packages/arj_custom/install/speed_control_loop/share/speed_control_loop/hook/cmake_prefix_path.dsv'
[69.886s] INFO:colcon.colcon_core.shell:Creating environment hook '/home/gfigneczi1/ros2_ws/src/arj_packages/arj_custom/install/speed_control_loop/share/speed_control_loop/hook/cmake_prefix_path.sh'
[69.887s] Level 1:colcon.colcon_core.environment:checking '/home/gfigneczi1/ros2_ws/src/arj_packages/arj_custom/install/speed_control_loop/lib'
[69.887s] Level 1:colcon.colcon_core.environment:checking '/home/gfigneczi1/ros2_ws/src/arj_packages/arj_custom/install/speed_control_loop/bin'
[69.887s] Level 1:colcon.colcon_core.environment:checking '/home/gfigneczi1/ros2_ws/src/arj_packages/arj_custom/install/speed_control_loop/lib/pkgconfig/speed_control_loop.pc'
[69.888s] Level 1:colcon.colcon_core.environment:checking '/home/gfigneczi1/ros2_ws/src/arj_packages/arj_custom/install/speed_control_loop/lib/python3.10/site-packages'
[69.889s] Level 1:colcon.colcon_core.environment:checking '/home/gfigneczi1/ros2_ws/src/arj_packages/arj_custom/install/speed_control_loop/bin'
[69.915s] INFO:colcon.colcon_core.shell:Creating package script '/home/gfigneczi1/ros2_ws/src/arj_packages/arj_custom/install/speed_control_loop/share/speed_control_loop/package.ps1'
[69.916s] INFO:colcon.colcon_core.shell:Creating package descriptor '/home/gfigneczi1/ros2_ws/src/arj_packages/arj_custom/install/speed_control_loop/share/speed_control_loop/package.dsv'
[69.918s] INFO:colcon.colcon_core.shell:Creating package script '/home/gfigneczi1/ros2_ws/src/arj_packages/arj_custom/install/speed_control_loop/share/speed_control_loop/package.sh'
[69.919s] INFO:colcon.colcon_core.shell:Creating package script '/home/gfigneczi1/ros2_ws/src/arj_packages/arj_custom/install/speed_control_loop/share/speed_control_loop/package.bash'
[69.920s] INFO:colcon.colcon_core.shell:Creating package script '/home/gfigneczi1/ros2_ws/src/arj_packages/arj_custom/install/speed_control_loop/share/speed_control_loop/package.zsh'
[69.920s] Level 1:colcon.colcon_core.environment:create_file_with_runtime_dependencies(/home/gfigneczi1/ros2_ws/src/arj_packages/arj_custom/install/speed_control_loop/share/colcon-core/packages/speed_control_loop)
[69.921s] DEBUG:colcon.colcon_parallel_executor.executor.parallel:closing loop
[69.922s] DEBUG:colcon.colcon_parallel_executor.executor.parallel:loop closed
[69.922s] DEBUG:colcon.colcon_parallel_executor.executor.parallel:run_until_complete finished with '0'
[69.923s] DEBUG:colcon.colcon_core.event_reactor:joining thread
[70.143s] INFO:colcon.colcon_core.plugin_system:Skipping extension 'colcon_notification.desktop_notification.notify_send': Could not find 'notify-send'
[70.143s] INFO:colcon.colcon_core.plugin_system:Skipping extension 'colcon_notification.desktop_notification.terminal_notifier': Not used on non-Darwin systems
[70.143s] INFO:colcon.colcon_core.plugin_system:Skipping extension 'colcon_notification.desktop_notification.win32': Not used on non-Windows systems
[70.144s] INFO:colcon.colcon_notification.desktop_notification:Sending desktop notification using 'notify2'
[70.144s] DEBUG:colcon.colcon_notification.desktop_notification.notify2:Failed to initialize notify2: org.freedesktop.DBus.Error.FileNotFound: Failed to connect to socket /run/user/1000/bus: No such file or directory
[70.144s] DEBUG:colcon.colcon_core.event_reactor:joined thread
[70.169s] INFO:colcon.colcon_core.shell:Creating prefix script '/home/gfigneczi1/ros2_ws/src/arj_packages/arj_custom/install/local_setup.ps1'
[70.170s] INFO:colcon.colcon_core.shell:Creating prefix util module '/home/gfigneczi1/ros2_ws/src/arj_packages/arj_custom/install/_local_setup_util_ps1.py'
[70.172s] INFO:colcon.colcon_core.shell:Creating prefix chain script '/home/gfigneczi1/ros2_ws/src/arj_packages/arj_custom/install/setup.ps1'
[70.208s] INFO:colcon.colcon_core.shell:Creating prefix script '/home/gfigneczi1/ros2_ws/src/arj_packages/arj_custom/install/local_setup.sh'
[70.210s] INFO:colcon.colcon_core.shell:Creating prefix util module '/home/gfigneczi1/ros2_ws/src/arj_packages/arj_custom/install/_local_setup_util_sh.py'
[70.211s] INFO:colcon.colcon_core.shell:Creating prefix chain script '/home/gfigneczi1/ros2_ws/src/arj_packages/arj_custom/install/setup.sh'
[70.240s] INFO:colcon.colcon_core.shell:Creating prefix script '/home/gfigneczi1/ros2_ws/src/arj_packages/arj_custom/install/local_setup.bash'
[70.241s] INFO:colcon.colcon_core.shell:Creating prefix chain script '/home/gfigneczi1/ros2_ws/src/arj_packages/arj_custom/install/setup.bash'
[70.271s] INFO:colcon.colcon_core.shell:Creating prefix script '/home/gfigneczi1/ros2_ws/src/arj_packages/arj_custom/install/local_setup.zsh'
[70.273s] INFO:colcon.colcon_core.shell:Creating prefix chain script '/home/gfigneczi1/ros2_ws/src/arj_packages/arj_custom/install/setup.zsh'
