-- The C compiler identification is GNU 11.4.0
-- The CXX compiler identification is GNU 11.4.0
-- Detecting C compiler ABI info
-- Detecting C compiler ABI info - done
-- Check for working C compiler: /usr/bin/cc - skipped
-- Detecting C compile features
-- Detecting C compile features - done
-- Detecting CXX compiler ABI info
-- Detecting CXX compiler ABI info - done
-- Check for working CXX compiler: /usr/bin/c++ - skipped
-- Detecting CXX compile features
-- Detecting CXX compile features - done
-- Found ament_cmake: 1.3.5 (/opt/ros/humble/share/ament_cmake/cmake)
-- Found Python3: /usr/bin/python3.10 (found version "3.10.12") found components: Interpreter 
-- Found rclcpp: 16.0.6 (/opt/ros/humble/share/rclcpp/cmake)
-- Found rosidl_generator_c: 3.1.5 (/opt/ros/humble/share/rosidl_generator_c/cmake)
-- Found rosidl_adapter: 3.1.5 (/opt/ros/humble/share/rosidl_adapter/cmake)
-- Found rosidl_generator_cpp: 3.1.5 (/opt/ros/humble/share/rosidl_generator_cpp/cmake)
-- Using all available rosidl_typesupport_c: rosidl_typesupport_fastrtps_c;rosidl_typesupport_introspection_c
-- Using all available rosidl_typesupport_cpp: rosidl_typesupport_fastrtps_cpp;rosidl_typesupport_introspection_cpp
-- Found rmw_implementation_cmake: 6.1.1 (/opt/ros/humble/share/rmw_implementation_cmake/cmake)
-- Found rmw_fastrtps_cpp: 6.2.4 (/opt/ros/humble/share/rmw_fastrtps_cpp/cmake)
-- Found OpenSSL: /usr/lib/x86_64-linux-gnu/libcrypto.so (found version "3.0.2")  
-- Found FastRTPS: /opt/ros/humble/include  
-- Using RMW implementation 'rmw_fastrtps_cpp' as default
-- Looking for pthread.h
-- Looking for pthread.h - found
-- Performing Test CMAKE_HAVE_LIBC_PTHREAD
-- Performing Test CMAKE_HAVE_LIBC_PTHREAD - Success
-- Found Threads: TRUE  
-- Found geometry_msgs: 4.2.3 (/opt/ros/humble/share/geometry_msgs/cmake)
-- Configuring done
-- Generating done
-- Build files have been written to: /home/gfigneczi1/ros2_ws/src/arj_packages/arj_custom/build/speed_control_loop
[ 25%] [32mBuilding CXX object CMakeFiles/vehicle_model.dir/src/vehicle_model.cpp.o[0m
[ 50%] [32mBuilding CXX object CMakeFiles/speed_control.dir/src/speed_control.cpp.o[0m
[ 75%] [32m[1mLinking CXX executable vehicle_model[0m
[ 75%] Built target vehicle_model
[100%] [32m[1mLinking CXX executable speed_control[0m
[100%] Built target speed_control
-- Install configuration: ""
-- Installing: /home/gfigneczi1/ros2_ws/src/arj_packages/arj_custom/install/speed_control_loop/share/speed_control_loop/launch
-- Installing: /home/gfigneczi1/ros2_ws/src/arj_packages/arj_custom/install/speed_control_loop/share/speed_control_loop/launch/run_all.launch.py
-- Installing: /home/gfigneczi1/ros2_ws/src/arj_packages/arj_custom/install/speed_control_loop/lib/speed_control_loop/vehicle_model
-- Set runtime path of "/home/gfigneczi1/ros2_ws/src/arj_packages/arj_custom/install/speed_control_loop/lib/speed_control_loop/vehicle_model" to ""
-- Installing: /home/gfigneczi1/ros2_ws/src/arj_packages/arj_custom/install/speed_control_loop/lib/speed_control_loop/speed_control
-- Set runtime path of "/home/gfigneczi1/ros2_ws/src/arj_packages/arj_custom/install/speed_control_loop/lib/speed_control_loop/speed_control" to ""
-- Installing: /home/gfigneczi1/ros2_ws/src/arj_packages/arj_custom/install/speed_control_loop/share/ament_index/resource_index/package_run_dependencies/speed_control_loop
-- Installing: /home/gfigneczi1/ros2_ws/src/arj_packages/arj_custom/install/speed_control_loop/share/ament_index/resource_index/parent_prefix_path/speed_control_loop
-- Installing: /home/gfigneczi1/ros2_ws/src/arj_packages/arj_custom/install/speed_control_loop/share/speed_control_loop/environment/ament_prefix_path.sh
-- Installing: /home/gfigneczi1/ros2_ws/src/arj_packages/arj_custom/install/speed_control_loop/share/speed_control_loop/environment/ament_prefix_path.dsv
-- Installing: /home/gfigneczi1/ros2_ws/src/arj_packages/arj_custom/install/speed_control_loop/share/speed_control_loop/environment/path.sh
-- Installing: /home/gfigneczi1/ros2_ws/src/arj_packages/arj_custom/install/speed_control_loop/share/speed_control_loop/environment/path.dsv
-- Installing: /home/gfigneczi1/ros2_ws/src/arj_packages/arj_custom/install/speed_control_loop/share/speed_control_loop/local_setup.bash
-- Installing: /home/gfigneczi1/ros2_ws/src/arj_packages/arj_custom/install/speed_control_loop/share/speed_control_loop/local_setup.sh
-- Installing: /home/gfigneczi1/ros2_ws/src/arj_packages/arj_custom/install/speed_control_loop/share/speed_control_loop/local_setup.zsh
-- Installing: /home/gfigneczi1/ros2_ws/src/arj_packages/arj_custom/install/speed_control_loop/share/speed_control_loop/local_setup.dsv
-- Installing: /home/gfigneczi1/ros2_ws/src/arj_packages/arj_custom/install/speed_control_loop/share/speed_control_loop/package.dsv
-- Installing: /home/gfigneczi1/ros2_ws/src/arj_packages/arj_custom/install/speed_control_loop/share/ament_index/resource_index/packages/speed_control_loop
-- Installing: /home/gfigneczi1/ros2_ws/src/arj_packages/arj_custom/install/speed_control_loop/share/speed_control_loop/cmake/speed_control_loopConfig.cmake
-- Installing: /home/gfigneczi1/ros2_ws/src/arj_packages/arj_custom/install/speed_control_loop/share/speed_control_loop/cmake/speed_control_loopConfig-version.cmake
-- Installing: /home/gfigneczi1/ros2_ws/src/arj_packages/arj_custom/install/speed_control_loop/share/speed_control_loop/package.xml
