[0.121s] Invoking command in '/home/gfigneczi1/ros2_ws/src/arj_packages/arj_custom/build/speed_control_loop': CMAKE_PREFIX_PATH=/opt/ros/humble /usr/bin/cmake /home/gfigneczi1/ros2_ws/src/arj_packages/arj_custom -DCMAKE_INSTALL_PREFIX=/home/gfigneczi1/ros2_ws/src/arj_packages/arj_custom/install/speed_control_loop
[0.573s] -- The C compiler identification is GNU 11.4.0
[2.698s] -- The CXX compiler identification is GNU 11.4.0
[4.585s] -- Detecting C compiler ABI info
[5.153s] -- Detecting C compiler ABI info - done
[5.179s] -- Check for working C compiler: /usr/bin/cc - skipped
[5.180s] -- Detecting C compile features
[5.184s] -- Detecting C compile features - done
[5.193s] -- Detecting CXX compiler ABI info
[5.804s] -- Detecting CXX compiler ABI info - done
[5.827s] -- Check for working CXX compiler: /usr/bin/c++ - skipped
[5.828s] -- Detecting CXX compile features
[5.829s] -- Detecting CXX compile features - done
[5.833s] -- Found ament_cmake: 1.3.5 (/opt/ros/humble/share/ament_cmake/cmake)
[6.270s] -- Found Python3: /usr/bin/python3.10 (found version "3.10.12") found components: Interpreter 
[6.487s] -- Found rclcpp: 16.0.6 (/opt/ros/humble/share/rclcpp/cmake)
[7.298s] -- Found rosidl_generator_c: 3.1.5 (/opt/ros/humble/share/rosidl_generator_c/cmake)
[7.313s] -- Found rosidl_adapter: 3.1.5 (/opt/ros/humble/share/rosidl_adapter/cmake)
[7.338s] -- Found rosidl_generator_cpp: 3.1.5 (/opt/ros/humble/share/rosidl_generator_cpp/cmake)
[7.387s] -- Using all available rosidl_typesupport_c: rosidl_typesupport_fastrtps_c;rosidl_typesupport_introspection_c
[7.451s] -- Using all available rosidl_typesupport_cpp: rosidl_typesupport_fastrtps_cpp;rosidl_typesupport_introspection_cpp
[7.640s] -- Found rmw_implementation_cmake: 6.1.1 (/opt/ros/humble/share/rmw_implementation_cmake/cmake)
[7.644s] -- Found rmw_fastrtps_cpp: 6.2.4 (/opt/ros/humble/share/rmw_fastrtps_cpp/cmake)
[13.656s] -- Found OpenSSL: /usr/lib/x86_64-linux-gnu/libcrypto.so (found version "3.0.2")  
[19.829s] -- Found FastRTPS: /opt/ros/humble/include  
[32.406s] -- Using RMW implementation 'rmw_fastrtps_cpp' as default
[32.428s] -- Looking for pthread.h
[32.971s] -- Looking for pthread.h - found
[32.972s] -- Performing Test CMAKE_HAVE_LIBC_PTHREAD
[33.496s] -- Performing Test CMAKE_HAVE_LIBC_PTHREAD - Success
[33.498s] -- Found Threads: TRUE  
[33.953s] -- Found geometry_msgs: 4.2.3 (/opt/ros/humble/share/geometry_msgs/cmake)
[34.266s] -- Configuring done
[34.296s] -- Generating done
[34.301s] -- Build files have been written to: /home/gfigneczi1/ros2_ws/src/arj_packages/arj_custom/build/speed_control_loop
[34.321s] Invoked command in '/home/gfigneczi1/ros2_ws/src/arj_packages/arj_custom/build/speed_control_loop' returned '0': CMAKE_PREFIX_PATH=/opt/ros/humble /usr/bin/cmake /home/gfigneczi1/ros2_ws/src/arj_packages/arj_custom -DCMAKE_INSTALL_PREFIX=/home/gfigneczi1/ros2_ws/src/arj_packages/arj_custom/install/speed_control_loop
[34.326s] Invoking command in '/home/gfigneczi1/ros2_ws/src/arj_packages/arj_custom/build/speed_control_loop': CMAKE_PREFIX_PATH=/opt/ros/humble /usr/bin/cmake --build /home/gfigneczi1/ros2_ws/src/arj_packages/arj_custom/build/speed_control_loop -- -j8 -l8
[34.407s] [ 25%] [32mBuilding CXX object CMakeFiles/vehicle_model.dir/src/vehicle_model.cpp.o[0m
[34.412s] [ 50%] [32mBuilding CXX object CMakeFiles/speed_control.dir/src/speed_control.cpp.o[0m
[60.062s] [ 75%] [32m[1mLinking CXX executable vehicle_model[0m
[61.410s] [ 75%] Built target vehicle_model
[64.332s] [100%] [32m[1mLinking CXX executable speed_control[0m
[66.082s] [100%] Built target speed_control
[66.099s] Invoked command in '/home/gfigneczi1/ros2_ws/src/arj_packages/arj_custom/build/speed_control_loop' returned '0': CMAKE_PREFIX_PATH=/opt/ros/humble /usr/bin/cmake --build /home/gfigneczi1/ros2_ws/src/arj_packages/arj_custom/build/speed_control_loop -- -j8 -l8
[66.153s] Invoking command in '/home/gfigneczi1/ros2_ws/src/arj_packages/arj_custom/build/speed_control_loop': CMAKE_PREFIX_PATH=/opt/ros/humble /usr/bin/cmake --install /home/gfigneczi1/ros2_ws/src/arj_packages/arj_custom/build/speed_control_loop
[66.161s] -- Install configuration: ""
[66.162s] -- Installing: /home/gfigneczi1/ros2_ws/src/arj_packages/arj_custom/install/speed_control_loop/share/speed_control_loop/launch
[66.162s] -- Installing: /home/gfigneczi1/ros2_ws/src/arj_packages/arj_custom/install/speed_control_loop/share/speed_control_loop/launch/run_all.launch.py
[66.163s] -- Installing: /home/gfigneczi1/ros2_ws/src/arj_packages/arj_custom/install/speed_control_loop/lib/speed_control_loop/vehicle_model
[66.168s] -- Set runtime path of "/home/gfigneczi1/ros2_ws/src/arj_packages/arj_custom/install/speed_control_loop/lib/speed_control_loop/vehicle_model" to ""
[66.168s] -- Installing: /home/gfigneczi1/ros2_ws/src/arj_packages/arj_custom/install/speed_control_loop/lib/speed_control_loop/speed_control
[66.175s] -- Set runtime path of "/home/gfigneczi1/ros2_ws/src/arj_packages/arj_custom/install/speed_control_loop/lib/speed_control_loop/speed_control" to ""
[66.176s] -- Installing: /home/gfigneczi1/ros2_ws/src/arj_packages/arj_custom/install/speed_control_loop/share/ament_index/resource_index/package_run_dependencies/speed_control_loop
[66.176s] -- Installing: /home/gfigneczi1/ros2_ws/src/arj_packages/arj_custom/install/speed_control_loop/share/ament_index/resource_index/parent_prefix_path/speed_control_loop
[66.177s] -- Installing: /home/gfigneczi1/ros2_ws/src/arj_packages/arj_custom/install/speed_control_loop/share/speed_control_loop/environment/ament_prefix_path.sh
[66.177s] -- Installing: /home/gfigneczi1/ros2_ws/src/arj_packages/arj_custom/install/speed_control_loop/share/speed_control_loop/environment/ament_prefix_path.dsv
[66.178s] -- Installing: /home/gfigneczi1/ros2_ws/src/arj_packages/arj_custom/install/speed_control_loop/share/speed_control_loop/environment/path.sh
[66.178s] -- Installing: /home/gfigneczi1/ros2_ws/src/arj_packages/arj_custom/install/speed_control_loop/share/speed_control_loop/environment/path.dsv
[66.179s] -- Installing: /home/gfigneczi1/ros2_ws/src/arj_packages/arj_custom/install/speed_control_loop/share/speed_control_loop/local_setup.bash
[66.179s] -- Installing: /home/gfigneczi1/ros2_ws/src/arj_packages/arj_custom/install/speed_control_loop/share/speed_control_loop/local_setup.sh
[66.179s] -- Installing: /home/gfigneczi1/ros2_ws/src/arj_packages/arj_custom/install/speed_control_loop/share/speed_control_loop/local_setup.zsh
[66.179s] -- Installing: /home/gfigneczi1/ros2_ws/src/arj_packages/arj_custom/install/speed_control_loop/share/speed_control_loop/local_setup.dsv
[66.180s] -- Installing: /home/gfigneczi1/ros2_ws/src/arj_packages/arj_custom/install/speed_control_loop/share/speed_control_loop/package.dsv
[66.180s] -- Installing: /home/gfigneczi1/ros2_ws/src/arj_packages/arj_custom/install/speed_control_loop/share/ament_index/resource_index/packages/speed_control_loop
[66.181s] -- Installing: /home/gfigneczi1/ros2_ws/src/arj_packages/arj_custom/install/speed_control_loop/share/speed_control_loop/cmake/speed_control_loopConfig.cmake
[66.181s] -- Installing: /home/gfigneczi1/ros2_ws/src/arj_packages/arj_custom/install/speed_control_loop/share/speed_control_loop/cmake/speed_control_loopConfig-version.cmake
[66.181s] -- Installing: /home/gfigneczi1/ros2_ws/src/arj_packages/arj_custom/install/speed_control_loop/share/speed_control_loop/package.xml
[66.185s] Invoked command in '/home/gfigneczi1/ros2_ws/src/arj_packages/arj_custom/build/speed_control_loop' returned '0': CMAKE_PREFIX_PATH=/opt/ros/humble /usr/bin/cmake --install /home/gfigneczi1/ros2_ws/src/arj_packages/arj_custom/build/speed_control_loop
